2019-12-27 16:22:39,890  INFO [main] ConsoleLoggingListener:217 - 

-------------------------------------------------------------------------------------
     _______. _______ .______       _______ .__   __.  __  .___________.____    ____ 
    /       ||   ____||   _  \     |   ____||  \ |  | |  | |           |\   \  /   / 
   |   (----`|  |__   |  |_)  |    |  |__   |   \|  | |  | `---|  |----` \   \/   /  
    \   \    |   __|  |      /     |   __|  |  . `  | |  |     |  |       \_    _/   
.----)   |   |  |____ |  |\  \----.|  |____ |  |\   | |  |     |  |         |  |     
|_______/    |_______|| _| `._____||_______||__| \__| |__|     |__|         |__|    
                                                                                     
 News and tutorials at http://www.serenity-bdd.info                                  
 Documentation at https://wakaleo.gitbooks.io/the-serenity-book/content/             
 Join the Serenity Community on Rocket Chat at https://serenity-bdd.rocket.chat      
 Serenity BDD Support and Training at http://serenity-bdd.info/#/trainingandsupport  
 Learn Serenity BDD online at http://serenity-dojo.com                               
-------------------------------------------------------------------------------------

2019-12-27 16:22:39,912  INFO [main] ConsoleLoggingListener:246 - Test Suite Started: Mylogin
2019-12-27 16:22:39,993  WARN [main] BaseStepListener:441 - testStarted: Test Positive/mylogin;test-positive
2019-12-27 16:22:40,003  INFO [main] ConsoleLoggingListener:263 - 
 _____ _____ ____ _____   ____ _____  _    ____ _____ _____ ____  
|_   _| ____/ ___|_   _| / ___|_   _|/ \  |  _ \_   _| ____|  _ \ 
  | | |  _| \___ \ | |   \___ \ | | / _ \ | |_) || | |  _| | | | |
  | | | |___ ___) || |    ___) || |/ ___ \|  _ < | | | |___| |_| |
  |_| |_____|____/ |_|   |____/ |_/_/   \_\_| \_\|_| |_____|____/ 
                                                                  

TEST STARTED: Test Positive
-------------------------------------------------------------------(mylogin;test-positive)
2019-12-27 16:22:40,095  WARN [main] BaseStepListener:576 - stepStarted: net.thucydides.core.steps.ExecutedStepDescription@550a1967
2019-12-27 16:22:42,862  WARN [main] BaseStepListener:690 - stepFinished: current outcome:Test Positive:Then user gets email
2019-12-27 16:22:42,868  WARN [main] BaseStepListener:502 - testFinished: Test Positive:Then user gets email
2019-12-27 16:22:42,869  WARN [main] BaseStepListener:503 - TestOutcomes: [Test Positive:Then user gets email]
2019-12-27 16:22:42,871  WARN [main] BaseStepListener:536 - Final testOutcomes: [Test Positive:Then user gets email]
2019-12-27 16:22:42,872  INFO [main] ConsoleLoggingListener:395 - 
        __    _____ _____ ____ _____   ____   _    ____  ____  _____ ____  
  _     \ \  |_   _| ____/ ___|_   _| |  _ \ / \  / ___|/ ___|| ____|  _ \ 
 (_)_____| |   | | |  _| \___ \ | |   | |_) / _ \ \___ \\___ \|  _| | | | |
  _|_____| |   | | | |___ ___) || |   |  __/ ___ \ ___) |___) | |___| |_| |
 (_)     | |   |_| |_____|____/ |_|   |_| /_/   \_\____/|____/|_____|____/ 
        /_/                                                                

TEST PASSED: Test Positive
----------------------------------------------------------------------------
